<?xml version="1.0" encoding="UTF-8"?>
<!-- Generated by org.testng.reporters.JUnitReportReporter -->
<testsuite hostname="ShubhaM-PC" name="com.calculator.test.CalculatorTest" tests="1" failures="0" timestamp="8 Apr 2019 18:57:16 GMT" time="9.358" errors="0">
  <testcase name="testCalculator" time="9.358" classname="com.calculator.test.CalculatorTest"/>
</testsuite> <!-- com.calculator.test.CalculatorTest -->
