<?xml version="1.0" encoding="UTF-8"?>
<!-- Generated by org.testng.reporters.JUnitReportReporter -->
<testsuite hostname="ShubhaM-PC" name="com.calculator.test.CalculatorTest" tests="4" failures="0" timestamp="8 Apr 2019 19:02:57 GMT" time="34.572" errors="0">
  <testcase name="testCalculator" time="8.069" classname="com.calculator.test.CalculatorTest"/>
  <testcase name="testCalculator" time="6.646" classname="com.calculator.test.CalculatorTest"/>
  <testcase name="testCalculator" time="9.070" classname="com.calculator.test.CalculatorTest"/>
  <testcase name="testCalculator" time="10.787" classname="com.calculator.test.CalculatorTest"/>
</testsuite> <!-- com.calculator.test.CalculatorTest -->
